kotlin version: 2.0.21
error message: org.jetbrains.kotlin.backend.common.BackendException: Backend Internal error: Exception during IR lowering
File being compiled: /Users/owenstrumwasser/AndroidStudioProjects/GyroscopeBallGame/app/src/main/java/com/example/gyroscopeballgame/MainActivity.kt
The root cause java.lang.RuntimeException was thrown at: org.jetbrains.kotlin.backend.jvm.codegen.FunctionCodegen.generate(FunctionCodegen.kt:47)
	at org.jetbrains.kotlin.backend.common.CodegenUtil.reportBackendException(CodegenUtil.kt:253)
	at org.jetbrains.kotlin.backend.common.CodegenUtil.reportBackendException$default(CodegenUtil.kt:236)
	at org.jetbrains.kotlin.backend.common.phaser.PerformByIrFilePhase.invokeSequential(performByIrFile.kt:65)
	at org.jetbrains.kotlin.backend.common.phaser.PerformByIrFilePhase.invoke(performByIrFile.kt:52)
	at org.jetbrains.kotlin.backend.common.phaser.PerformByIrFilePhase.invoke(performByIrFile.kt:38)
	at org.jetbrains.kotlin.backend.common.phaser.NamedCompilerPhase.phaseBody(CompilerPhase.kt:166)
	at org.jetbrains.kotlin.backend.common.phaser.AbstractNamedCompilerPhase.invoke(CompilerPhase.kt:113)
	at org.jetbrains.kotlin.backend.common.phaser.CompositePhase.invoke(PhaseBuilders.kt:27)
	at org.jetbrains.kotlin.backend.common.phaser.CompositePhase.invoke(PhaseBuilders.kt:14)
	at org.jetbrains.kotlin.backend.common.phaser.NamedCompilerPhase.phaseBody(CompilerPhase.kt:166)
	at org.jetbrains.kotlin.backend.common.phaser.AbstractNamedCompilerPhase.invoke(CompilerPhase.kt:113)
	at org.jetbrains.kotlin.backend.common.phaser.CompilerPhaseKt.invokeToplevel(CompilerPhase.kt:62)
	at org.jetbrains.kotlin.backend.jvm.JvmIrCodegenFactory.invokeCodegen(JvmIrCodegenFactory.kt:371)
	at org.jetbrains.kotlin.codegen.CodegenFactory.generateModule(CodegenFactory.kt:47)
	at org.jetbrains.kotlin.backend.jvm.JvmIrCodegenFactory.generateModuleInFrontendIRMode(JvmIrCodegenFactory.kt:433)
	at org.jetbrains.kotlin.cli.jvm.compiler.pipeline.JvmCompilerPipelineKt.generateCodeFromIr(jvmCompilerPipeline.kt:246)
	at org.jetbrains.kotlin.cli.jvm.compiler.pipeline.JvmCompilerPipelineKt.compileModulesUsingFrontendIrAndLightTree(jvmCompilerPipeline.kt:142)
	at org.jetbrains.kotlin.cli.jvm.K2JVMCompiler.doExecute(K2JVMCompiler.kt:148)
	at org.jetbrains.kotlin.cli.jvm.K2JVMCompiler.doExecute(K2JVMCompiler.kt:43)
	at org.jetbrains.kotlin.cli.common.CLICompiler.execImpl(CLICompiler.kt:103)
	at org.jetbrains.kotlin.cli.common.CLICompiler.execImpl(CLICompiler.kt:49)
	at org.jetbrains.kotlin.cli.common.CLITool.exec(CLITool.kt:101)
	at org.jetbrains.kotlin.incremental.IncrementalJvmCompilerRunner.runCompiler(IncrementalJvmCompilerRunner.kt:464)
	at org.jetbrains.kotlin.incremental.IncrementalJvmCompilerRunner.runCompiler(IncrementalJvmCompilerRunner.kt:73)
	at org.jetbrains.kotlin.incremental.IncrementalCompilerRunner.doCompile(IncrementalCompilerRunner.kt:506)
	at org.jetbrains.kotlin.incremental.IncrementalCompilerRunner.compileImpl(IncrementalCompilerRunner.kt:423)
	at org.jetbrains.kotlin.incremental.IncrementalCompilerRunner.tryCompileIncrementally$lambda$9$compile(IncrementalCompilerRunner.kt:249)
	at org.jetbrains.kotlin.incremental.IncrementalCompilerRunner.tryCompileIncrementally(IncrementalCompilerRunner.kt:267)
	at org.jetbrains.kotlin.incremental.IncrementalCompilerRunner.compile(IncrementalCompilerRunner.kt:120)
	at org.jetbrains.kotlin.daemon.CompileServiceImplBase.execIncrementalCompiler(CompileServiceImpl.kt:675)
	at org.jetbrains.kotlin.daemon.CompileServiceImplBase.access$execIncrementalCompiler(CompileServiceImpl.kt:92)
	at org.jetbrains.kotlin.daemon.CompileServiceImpl.compile(CompileServiceImpl.kt:1660)
	at java.base/jdk.internal.reflect.DirectMethodHandleAccessor.invoke(Unknown Source)
	at java.base/java.lang.reflect.Method.invoke(Unknown Source)
	at java.rmi/sun.rmi.server.UnicastServerRef.dispatch(Unknown Source)
	at java.rmi/sun.rmi.transport.Transport$1.run(Unknown Source)
	at java.rmi/sun.rmi.transport.Transport$1.run(Unknown Source)
	at java.base/java.security.AccessController.doPrivileged(Unknown Source)
	at java.rmi/sun.rmi.transport.Transport.serviceCall(Unknown Source)
	at java.rmi/sun.rmi.transport.tcp.TCPTransport.handleMessages(Unknown Source)
	at java.rmi/sun.rmi.transport.tcp.TCPTransport$ConnectionHandler.run0(Unknown Source)
	at java.rmi/sun.rmi.transport.tcp.TCPTransport$ConnectionHandler.lambda$run$0(Unknown Source)
	at java.base/java.security.AccessController.doPrivileged(Unknown Source)
	at java.rmi/sun.rmi.transport.tcp.TCPTransport$ConnectionHandler.run(Unknown Source)
	at java.base/java.util.concurrent.ThreadPoolExecutor.runWorker(Unknown Source)
	at java.base/java.util.concurrent.ThreadPoolExecutor$Worker.run(Unknown Source)
	at java.base/java.lang.Thread.run(Unknown Source)
Caused by: java.lang.RuntimeException: Exception while generating code for:
FUN LOCAL_FUNCTION_FOR_LAMBDA name:GyroBallGameScreen$lambda$23$lambda$21$lambda$20 visibility:private modality:FINAL <> ($gy:kotlin.Float, $tiltMultiplier:kotlin.Float, $gx:kotlin.Float, $friction:kotlin.Float, $ballRadius:kotlin.Float, $vx$delegate:androidx.compose.runtime.MutableState<kotlin.Float>, $vy$delegate:androidx.compose.runtime.MutableState<kotlin.Float>, $x$delegate:androidx.compose.runtime.MutableState<kotlin.Float>, $y$delegate:androidx.compose.runtime.MutableState<kotlin.Float>, $this$Canvas:androidx.compose.ui.graphics.drawscope.DrawScope) returnType:kotlin.Unit?
  VALUE_PARAMETER BOUND_VALUE_PARAMETER name:$gy index:0 type:kotlin.Float
  VALUE_PARAMETER BOUND_VALUE_PARAMETER name:$tiltMultiplier index:1 type:kotlin.Float
  VALUE_PARAMETER BOUND_VALUE_PARAMETER name:$gx index:2 type:kotlin.Float
  VALUE_PARAMETER BOUND_VALUE_PARAMETER name:$friction index:3 type:kotlin.Float
  VALUE_PARAMETER BOUND_VALUE_PARAMETER name:$ballRadius index:4 type:kotlin.Float
  VALUE_PARAMETER BOUND_VALUE_PARAMETER name:$vx$delegate index:5 type:androidx.compose.runtime.MutableState<kotlin.Float>
  VALUE_PARAMETER BOUND_VALUE_PARAMETER name:$vy$delegate index:6 type:androidx.compose.runtime.MutableState<kotlin.Float>
  VALUE_PARAMETER BOUND_VALUE_PARAMETER name:$x$delegate index:7 type:androidx.compose.runtime.MutableState<kotlin.Float>
  VALUE_PARAMETER BOUND_VALUE_PARAMETER name:$y$delegate index:8 type:androidx.compose.runtime.MutableState<kotlin.Float>
  VALUE_PARAMETER name:$this$Canvas index:9 type:androidx.compose.ui.graphics.drawscope.DrawScope
  BLOCK_BODY
    VAR name:obstacles type:kotlin.collections.List<com.example.gyroscopeballgame.Rect> [val]
      CALL 'public final fun listOf <T> (vararg elements: T of kotlin.collections.CollectionsKt.listOf): kotlin.collections.List<T of kotlin.collections.CollectionsKt.listOf> declared in kotlin.collections.CollectionsKt' type=kotlin.collections.List<com.example.gyroscopeballgame.Rect> origin=null
        <T>: com.example.gyroscopeballgame.Rect
        elements: BLOCK type=kotlin.Array<out com.example.gyroscopeballgame.Rect> origin=null
          VAR IR_TEMPORARY_VARIABLE name:tmp0 type:kotlin.Array<out com.example.gyroscopeballgame.Rect> [val]
            CALL 'public final fun arrayOfNulls <T> (size: kotlin.Int): kotlin.Array<T of kotlin.arrayOfNulls?> declared in kotlin' type=kotlin.Array<out com.example.gyroscopeballgame.Rect> origin=null
              <T>: com.example.gyroscopeballgame.Rect
              size: CONST Int type=kotlin.Int value=7
          CALL 'public final fun set (index: kotlin.Int, value: T of kotlin.Array): kotlin.Unit [operator] declared in kotlin.Array' type=kotlin.Unit origin=null
            $this: GET_VAR 'val tmp0: kotlin.Array<out com.example.gyroscopeballgame.Rect> [val] declared in com.example.gyroscopeballgame.MainActivityKt.GyroBallGameScreen$lambda$23$lambda$21$lambda$20' type=kotlin.Array<out com.example.gyroscopeballgame.Rect> origin=null
            index: CONST Int type=kotlin.Int value=0
            value: CONSTRUCTOR_CALL 'public constructor <init> (left: kotlin.Float, top: kotlin.Float, right: kotlin.Float, bottom: kotlin.Float) [primary] declared in com.example.gyroscopeballgame.Rect' type=com.example.gyroscopeballgame.Rect origin=null
              left: CONST Float type=kotlin.Float value=0.0
              top: CONST Float type=kotlin.Float value=200.0
              right: CONST Float type=kotlin.Float value=300.0
              bottom: CONST Float type=kotlin.Float value=220.0
          CALL 'public final fun set (index: kotlin.Int, value: T of kotlin.Array): kotlin.Unit [operator] declared in kotlin.Array' type=kotlin.Unit origin=null
            $this: GET_VAR 'val tmp0: kotlin.Array<out com.example.gyroscopeballgame.Rect> [val] declared in com.example.gyroscopeballgame.MainActivityKt.GyroBallGameScreen$lambda$23$lambda$21$lambda$20' type=kotlin.Array<out com.example.gyroscopeballgame.Rect> origin=null
            index: CONST Int type=kotlin.Int value=1
            value: CONSTRUCTOR_CALL 'public constructor <init> (left: kotlin.Float, top: kotlin.Float, right: kotlin.Float, bottom: kotlin.Float) [primary] declared in com.example.gyroscopeballgame.Rect' type=com.example.gyroscopeballgame.Rect origin=null
              left: CONST Float type=kotlin.Float value=600.0
              top: CONST Float type=kotlin.Float value=0.0
              right: CONST Float type=kotlin.Float value=620.0
              bottom: CONST Float type=kotlin.Float value=500.0
          CALL 'public final fun set (index: kotlin.Int, value: T of kotlin.Array): kotlin.Unit [operator] declared in kotlin.Array' type=kotlin.Unit origin=null
            $this: GET_VAR 'val tmp0: kotlin.Array<out com.example.gyroscopeballgame.Rect> [val] declared in com.example.gyroscopeballgame.MainActivityKt.GyroBallGameScreen$lambda$23$lambda$21$lambda$20' type=kotlin.Array<out com.example.gyroscopeballgame.Rect> origin=null
            index: CONST Int type=kotlin.Int value=2
            value: CONSTRUCTOR_CALL 'public constructor <init> (left: kotlin.Float, top: kotlin.Float, right: kotlin.Float, bottom: kotlin.Float) [primary] declared in com.example.gyroscopeballgame.Rect' type=com.example.gyroscopeballgame.Rect origin=null
              left: CONST Float type=kotlin.Float value=0.0
              top: CONST Float type=kotlin.Float value=800.0
              right: CONST Float type=kotlin.Float value=600.0
              bottom: CONST Float type=kotlin.Float value=820.0
          CALL 'public final fun set (index: kotlin.Int, value: T of kotlin.Array): kotlin.Unit [operator] declared in kotlin.Array' type=kotlin.Unit origin=null
            $this: GET_VAR 'val tmp0: kotlin.Array<out com.example.gyroscopeballgame.Rect> [val] declared in com.example.gyroscopeballgame.MainActivityKt.GyroBallGameScreen$lambda$23$lambda$21$lambda$20' type=kotlin.Array<out com.example.gyroscopeballgame.Rect> origin=null
            index: CONST Int type=kotlin.Int value=3
            value: CONSTRUCTOR_CALL 'public constructor <init> (left: kotlin.Float, top: kotlin.Float, right: kotlin.Float, bottom: kotlin.Float) [primary] declared in com.example.gyroscopeballgame.Rect' type=com.example.gyroscopeballgame.Rect origin=null
              left: CONST Float type=kotlin.Float value=300.0
              top: CONST Float type=kotlin.Float value=500.0
              right: CONST Float type=kotlin.Float value=620.0
              bottom: CONST Float type=kotlin.Float value=520.0
          CALL 'public final fun set (index: kotlin.Int, value: T of kotlin.Array): kotlin.Unit [operator] declared in kotlin.Array' type=kotlin.Unit origin=null
            $this: GET_VAR 'val tmp0: kotlin.Array<out com.example.gyroscopeballgame.Rect> [val] declared in com.example.gyroscopeballgame.MainActivityKt.GyroBallGameScreen$lambda$23$lambda$21$lambda$20' type=kotlin.Array<out com.example.gyroscopeballgame.Rect> origin=null
            index: CONST Int type=kotlin.Int value=4
            value: CONSTRUCTOR_CALL 'public constructor <init> (left: kotlin.Float, top: kotlin.Float, right: kotlin.Float, bottom: kotlin.Float) [primary] declared in com.example.gyroscopeballgame.Rect' type=com.example.gyroscopeballgame.Rect origin=null
              left: CONST Float type=kotlin.Float value=300.0
              top: CONST Float type=kotlin.Float value=1100.0
              right: CONST Float type=kotlin.Float value=1100.0
              bottom: CONST Float type=kotlin.Float value=1120.0
          CALL 'public final fun set (index: kotlin.Int, value: T of kotlin.Array): kotlin.Unit [operator] declared in kotlin.Array' type=kotlin.Unit origin=null
            $this: GET_VAR 'val tmp0: kotlin.Array<out com.example.gyroscopeballgame.Rect> [val] declared in com.example.gyroscopeballgame.MainActivityKt.GyroBallGameScreen$lambda$23$lambda$21$lambda$20' type=kotlin.Array<out com.example.gyroscopeballgame.Rect> origin=null
            index: CONST Int type=kotlin.Int value=5
            value: CONSTRUCTOR_CALL 'public constructor <init> (left: kotlin.Float, top: kotlin.Float, right: kotlin.Float, bottom: kotlin.Float) [primary] declared in com.example.gyroscopeballgame.Rect' type=com.example.gyroscopeballgame.Rect origin=null
              left: CONST Float type=kotlin.Float value=0.0
              top: CONST Float type=kotlin.Float value=1500.0
              right: CONST Float type=kotlin.Float value=600.0
              bottom: CONST Float type=kotlin.Float value=1520.0
          CALL 'public final fun set (index: kotlin.Int, value: T of kotlin.Array): kotlin.Unit [operator] declared in kotlin.Array' type=kotlin.Unit origin=null
            $this: GET_VAR 'val tmp0: kotlin.Array<out com.example.gyroscopeballgame.Rect> [val] declared in com.example.gyroscopeballgame.MainActivityKt.GyroBallGameScreen$lambda$23$lambda$21$lambda$20' type=kotlin.Array<out com.example.gyroscopeballgame.Rect> origin=null
            index: CONST Int type=kotlin.Int value=6
            value: CONSTRUCTOR_CALL 'public constructor <init> (left: kotlin.Float, top: kotlin.Float, right: kotlin.Float, bottom: kotlin.Float) [primary] declared in com.example.gyroscopeballgame.Rect' type=com.example.gyroscopeballgame.Rect origin=null
              left: CONST Float type=kotlin.Float value=300.0
              top: CONST Float type=kotlin.Float value=1800.0
              right: CONST Float type=kotlin.Float value=1100.0
              bottom: CONST Float type=kotlin.Float value=1820.0
          GET_VAR 'val tmp0: kotlin.Array<out com.example.gyroscopeballgame.Rect> [val] declared in com.example.gyroscopeballgame.MainActivityKt.GyroBallGameScreen$lambda$23$lambda$21$lambda$20' type=kotlin.Array<out com.example.gyroscopeballgame.Rect> origin=null
    CALL 'public final fun drawRect-n-J9OG0$default ($this: androidx.compose.ui.graphics.drawscope.DrawScope, color: androidx.compose.ui.graphics.Color, topLeft: androidx.compose.ui.geometry.Offset, size: androidx.compose.ui.geometry.Size, alpha: kotlin.Float, style: androidx.compose.ui.graphics.drawscope.DrawStyle?, colorFilter: androidx.compose.ui.graphics.ColorFilter?, blendMode: androidx.compose.ui.graphics.BlendMode, $mask0: kotlin.Int, $handler: kotlin.Any?): kotlin.Unit declared in androidx.compose.ui.graphics.drawscope.DrawScope' type=kotlin.Unit origin=DEFAULT_DISPATCH_CALL
      $this: GET_VAR '$this$Canvas: androidx.compose.ui.graphics.drawscope.DrawScope declared in com.example.gyroscopeballgame.MainActivityKt.GyroBallGameScreen$lambda$23$lambda$21$lambda$20' type=androidx.compose.ui.graphics.drawscope.DrawScope origin=null
      color: CALL 'public final fun getBlack-0d7_KjU (): androidx.compose.ui.graphics.Color declared in androidx.compose.ui.graphics.Color.Companion' type=androidx.compose.ui.graphics.Color origin=GET_PROPERTY
        $this: GET_FIELD 'FIELD FIELD_FOR_OBJECT_INSTANCE name:Companion type:androidx.compose.ui.graphics.Color.Companion visibility:public [final,static] declared in androidx.compose.ui.graphics.Color' type=androidx.compose.ui.graphics.Color.Companion origin=null
      topLeft: CALL 'public final fun getZero-F1C5BW0 (): androidx.compose.ui.geometry.Offset declared in androidx.compose.ui.geometry.Offset.Companion' type=androidx.compose.ui.geometry.Offset origin=GET_PROPERTY
        $this: GET_FIELD 'FIELD FIELD_FOR_OBJECT_INSTANCE name:Companion type:androidx.compose.ui.geometry.Offset.Companion visibility:public [final,static] declared in androidx.compose.ui.geometry.Offset' type=androidx.compose.ui.geometry.Offset.Companion origin=null
      size: CALL 'public open fun getSize-NH-jbRc (): androidx.compose.ui.geometry.Size declared in androidx.compose.ui.graphics.drawscope.DrawScope' type=androidx.compose.ui.geometry.Size origin=GET_PROPERTY
        $this: GET_VAR '$this$Canvas: androidx.compose.ui.graphics.drawscope.DrawScope declared in com.example.gyroscopeballgame.MainActivityKt.GyroBallGameScreen$lambda$23$lambda$21$lambda$20' type=androidx.compose.ui.graphics.drawscope.DrawScope origin=null
      alpha: COMPOSITE type=kotlin.Float origin=DEFAULT_VALUE
        CONST Float type=kotlin.Float value=0.0
      style: CONSTRUCTOR_CALL 'public constructor <init> (width: kotlin.Float, miter: kotlin.Float, cap: androidx.compose.ui.graphics.StrokeCap, join: androidx.compose.ui.graphics.StrokeJoin, pathEffect: androidx.compose.ui.graphics.PathEffect?, $mask0: kotlin.Int, $marker: kotlin.jvm.internal.DefaultConstructorMarker?) declared in androidx.compose.ui.graphics.drawscope.Stroke' type=androidx.compose.ui.graphics.drawscope.Stroke origin=DEFAULT_DISPATCH_CALL
        width: CONST Float type=kotlin.Float value=20.0
        miter: COMPOSITE type=kotlin.Float origin=DEFAULT_VALUE
          CONST Float type=kotlin.Float value=0.0
        cap: COMPOSITE type=androidx.compose.ui.graphics.StrokeCap origin=DEFAULT_VALUE
          CALL 'public final fun <unsafe-coerce> <T, R> (v: T of kotlin.jvm.internal.<unsafe-coerce>): R of kotlin.jvm.internal.<unsafe-coerce> declared in kotlin.jvm.internal' type=androidx.compose.ui.graphics.StrokeCap origin=null
            <T>: kotlin.Int
            <R>: androidx.compose.ui.graphics.StrokeCap
            v: CONST Int type=kotlin.Int value=0
        join: COMPOSITE type=androidx.compose.ui.graphics.StrokeJoin origin=DEFAULT_VALUE
          CALL 'public final fun <unsafe-coerce> <T, R> (v: T of kotlin.jvm.internal.<unsafe-coerce>): R of kotlin.jvm.internal.<unsafe-coerce> declared in kotlin.jvm.internal' type=androidx.compose.ui.graphics.StrokeJoin origin=null
            <T>: kotlin.Int
            <R>: androidx.compose.ui.graphics.StrokeJoin
            v: CONST Int type=kotlin.Int value=0
        pathEffect: COMPOSITE type=androidx.compose.ui.graphics.PathEffect? origin=DEFAULT_VALUE
          CONST Null type=androidx.compose.ui.graphics.PathEffect? value=null
        $mask0: CONST Int type=kotlin.Int value=30
        $marker: CONST Null type=kotlin.jvm.internal.DefaultConstructorMarker? value=null
      colorFilter: COMPOSITE type=androidx.compose.ui.graphics.ColorFilter? origin=DEFAULT_VALUE
        CONST Null type=androidx.compose.ui.graphics.ColorFilter? value=null
      blendMode: COMPOSITE type=androidx.compose.ui.graphics.BlendMode origin=DEFAULT_VALUE
        CALL 'public final fun <unsafe-coerce> <T, R> (v: T of kotlin.jvm.internal.<unsafe-coerce>): R of kotlin.jvm.internal.<unsafe-coerce> declared in kotlin.jvm.internal' type=androidx.compose.ui.graphics.BlendMode origin=null
          <T>: kotlin.Int
          <R>: androidx.compose.ui.graphics.BlendMode
          v: CONST Int type=kotlin.Int value=0
      $mask0: CONST Int type=kotlin.Int value=104
      $handler: CONST Null type=kotlin.Any? value=null
    VAR name:ax type:kotlin.Float [val]
      CALL 'public final fun times (other: kotlin.Float): kotlin.Float [operator] declared in kotlin.Float' type=kotlin.Float origin=MUL
        $this: GET_VAR '$gy: kotlin.Float declared in com.example.gyroscopeballgame.MainActivityKt.GyroBallGameScreen$lambda$23$lambda$21$lambda$20' type=kotlin.Float origin=null
        other: GET_VAR '$tiltMultiplier: kotlin.Float declared in com.example.gyroscopeballgame.MainActivityKt.GyroBallGameScreen$lambda$23$lambda$21$lambda$20' type=kotlin.Float origin=null
    VAR name:ay type:kotlin.Float [val]
      CALL 'public final fun times (other: kotlin.Float): kotlin.Float [operator] declared in kotlin.Float' type=kotlin.Float origin=MUL
        $this: GET_VAR '$gx: kotlin.Float declared in com.example.gyroscopeballgame.MainActivityKt.GyroBallGameScreen$lambda$23$lambda$21$lambda$20' type=kotlin.Float origin=null
        other: GET_VAR '$tiltMultiplier: kotlin.Float declared in com.example.gyroscopeballgame.MainActivityKt.GyroBallGameScreen$lambda$23$lambda$21$lambda$20' type=kotlin.Float origin=null
    CALL 'private final fun GyroBallGameScreen$lambda$11 ($vx$delegate: androidx.compose.runtime.MutableState<kotlin.Float>, <set-?>: kotlin.Float): kotlin.Unit declared in com.example.gyroscopeballgame.MainActivityKt' type=kotlin.Unit origin=PLUSEQ
      $vx$delegate: GET_VAR '$vx$delegate: androidx.compose.runtime.MutableState<kotlin.Float> declared in com.example.gyroscopeballgame.MainActivityKt.GyroBallGameScreen$lambda$23$lambda$21$lambda$20' type=androidx.compose.runtime.MutableState<kotlin.Float> origin=null
      <set-?>: CALL 'public final fun plus (other: kotlin.Float): kotlin.Float [operator] declared in kotlin.Float' type=kotlin.Float origin=PLUSEQ
        $this: CALL 'private final fun GyroBallGameScreen$lambda$10 ($vx$delegate: androidx.compose.runtime.MutableState<kotlin.Float>): kotlin.Float declared in com.example.gyroscopeballgame.MainActivityKt' type=kotlin.Float origin=GET_LOCAL_PROPERTY
          $vx$delegate: GET_VAR '$vx$delegate: androidx.compose.runtime.MutableState<kotlin.Float> declared in com.example.gyroscopeballgame.MainActivityKt.GyroBallGameScreen$lambda$23$lambda$21$lambda$20' type=androidx.compose.runtime.MutableState<kotlin.Float> origin=null
        other: GET_VAR 'val ax: kotlin.Float [val] declared in com.example.gyroscopeballgame.MainActivityKt.GyroBallGameScreen$lambda$23$lambda$21$lambda$20' type=kotlin.Float origin=null
    CALL 'private final fun GyroBallGameScreen$lambda$15 ($vy$delegate: androidx.compose.runtime.MutableState<kotlin.Float>, <set-?>: kotlin.Float): kotlin.Unit declared in com.example.gyroscopeballgame.MainActivityKt' type=kotlin.Unit origin=PLUSEQ
      $vy$delegate: GET_VAR '$vy$delegate: androidx.compose.runtime.MutableState<kotlin.Float> declared in com.example.gyroscopeballgame.MainActivityKt.GyroBallGameScreen$lambda$23$lambda$21$lambda$20' type=androidx.compose.runtime.MutableState<kotlin.Float> origin=null
      <set-?>: CALL 'public final fun plus (other: kotlin.Float): kotlin.Float [operator] declared in kotlin.Float' type=kotlin.Float origin=PLUSEQ
        $this: CALL 'private final fun GyroBallGameScreen$lambda$14 ($vy$delegate: androidx.compose.runtime.MutableState<kotlin.Float>): kotlin.Float declared in com.example.gyroscopeballgame.MainActivityKt' type=kotlin.Float origin=GET_LOCAL_PROPERTY
          $vy$delegate: GET_VAR '$vy$delegate: androidx.compose.runtime.MutableState<kotlin.Float> declared in com.example.gyroscopeballgame.MainActivityKt.GyroBallGameScreen$lambda$23$lambda$21$lambda$20' type=androidx.compose.runtime.MutableState<kotlin.Float> origin=null
        other: GET_VAR 'val ay: kotlin.Float [val] declared in com.example.gyroscopeballgame.MainActivityKt.GyroBallGameScreen$lambda$23$lambda$21$lambda$20' type=kotlin.Float origin=null
    CALL 'private final fun GyroBallGameScreen$lambda$3 ($x$delegate: androidx.compose.runtime.MutableState<kotlin.Float>, <set-?>: kotlin.Float): kotlin.Unit declared in com.example.gyroscopeballgame.MainActivityKt' type=kotlin.Unit origin=PLUSEQ
      $x$delegate: GET_VAR '$x$delegate: androidx.compose.runtime.MutableState<kotlin.Float> declared in com.example.gyroscopeballgame.MainActivityKt.GyroBallGameScreen$lambda$23$lambda$21$lambda$20' type=androidx.compose.runtime.MutableState<kotlin.Float> origin=null
      <set-?>: CALL 'public final fun plus (other: kotlin.Float): kotlin.Float [operator] declared in kotlin.Float' type=kotlin.Float origin=PLUSEQ
        $this: CALL 'private final fun GyroBallGameScreen$lambda$2 ($x$delegate: androidx.compose.runtime.MutableState<kotlin.Float>): kotlin.Float declared in com.example.gyroscopeballgame.MainActivityKt' type=kotlin.Float origin=GET_LOCAL_PROPERTY
          $x$delegate: GET_VAR '$x$delegate: androidx.compose.runtime.MutableState<kotlin.Float> declared in com.example.gyroscopeballgame.MainActivityKt.GyroBallGameScreen$lambda$23$lambda$21$lambda$20' type=androidx.compose.runtime.MutableState<kotlin.Float> origin=null
        other: CALL 'public final fun times (other: kotlin.Float): kotlin.Float [operator] declared in kotlin.Float' type=kotlin.Float origin=MUL
          $this: CALL 'private final fun GyroBallGameScreen$lambda$10 ($vx$delegate: androidx.compose.runtime.MutableState<kotlin.Float>): kotlin.Float declared in com.example.gyroscopeballgame.MainActivityKt' type=kotlin.Float origin=GET_LOCAL_PROPERTY
            $vx$delegate: GET_VAR '$vx$delegate: androidx.compose.runtime.MutableState<kotlin.Float> declared in com.example.gyroscopeballgame.MainActivityKt.GyroBallGameScreen$lambda$23$lambda$21$lambda$20' type=androidx.compose.runtime.MutableState<kotlin.Float> origin=null
          other: CONST Float type=kotlin.Float value=0.016666668
    CALL 'private final fun GyroBallGameScreen$lambda$7 ($y$delegate: androidx.compose.runtime.MutableState<kotlin.Float>, <set-?>: kotlin.Float): kotlin.Unit declared in com.example.gyroscopeballgame.MainActivityKt' type=kotlin.Unit origin=PLUSEQ
      $y$delegate: GET_VAR '$y$delegate: androidx.compose.runtime.MutableState<kotlin.Float> declared in com.example.gyroscopeballgame.MainActivityKt.GyroBallGameScreen$lambda$23$lambda$21$lambda$20' type=androidx.compose.runtime.MutableState<kotlin.Float> origin=null
      <set-?>: CALL 'public final fun plus (other: kotlin.Float): kotlin.Float [operator] declared in kotlin.Float' type=kotlin.Float origin=PLUSEQ
        $this: CALL 'private final fun GyroBallGameScreen$lambda$6 ($y$delegate: androidx.compose.runtime.MutableState<kotlin.Float>): kotlin.Float declared in com.example.gyroscopeballgame.MainActivityKt' type=kotlin.Float origin=GET_LOCAL_PROPERTY
          $y$delegate: GET_VAR '$y$delegate: androidx.compose.runtime.MutableState<kotlin.Float> declared in com.example.gyroscopeballgame.MainActivityKt.GyroBallGameScreen$lambda$23$lambda$21$lambda$20' type=androidx.compose.runtime.MutableState<kotlin.Float> origin=null
        other: CALL 'public final fun times (other: kotlin.Float): kotlin.Float [operator] declared in kotlin.Float' type=kotlin.Float origin=MUL
          $this: CALL 'private final fun GyroBallGameScreen$lambda$14 ($vy$delegate: androidx.compose.runtime.MutableState<kotlin.Float>): kotlin.Float declared in com.example.gyroscopeballgame.MainActivityKt' type=kotlin.Float origin=GET_LOCAL_PROPERTY
            $vy$delegate: GET_VAR '$vy$delegate: androidx.compose.runtime.MutableState<kotlin.Float> declared in com.example.gyroscopeballgame.MainActivityKt.GyroBallGameScreen$lambda$23$lambda$21$lambda$20' type=androidx.compose.runtime.MutableState<kotlin.Float> origin=null
          other: CONST Float type=kotlin.Float value=0.016666668
    VAR name:tiltMagnitude type:kotlin.Float [val]
      CALL 'public final fun sqrt (x: kotlin.Float): kotlin.Float [inline] declared in kotlin.math.MathKt' type=kotlin.Float origin=null
        x: CALL 'public final fun plus (other: kotlin.Float): kotlin.Float [operator] declared in kotlin.Float' type=kotlin.Float origin=PLUS
          $this: CALL 'public final fun times (other: kotlin.Float): kotlin.Float [operator] declared in kotlin.Float' type=kotlin.Float origin=MUL
            $this: GET_VAR 'val ax: kotlin.Float [val] declared in com.example.gyroscopeballgame.MainActivityKt.GyroBallGameScreen$lambda$23$lambda$21$lambda$20' type=kotlin.Float origin=null
            other: GET_VAR 'val ax: kotlin.Float [val] declared in com.example.gyroscopeballgame.MainActivityKt.GyroBallGameScreen$lambda$23$lambda$21$lambda$20' type=kotlin.Float origin=null
          other: CALL 'public final fun times (other: kotlin.Float): kotlin.Float [operator] declared in kotlin.Float' type=kotlin.Float origin=MUL
            $this: GET_VAR 'val ay: kotlin.Float [val] declared in com.example.gyroscopeballgame.MainActivityKt.GyroBallGameScreen$lambda$23$lambda$21$lambda$20' type=kotlin.Float origin=null
            other: GET_VAR 'val ay: kotlin.Float [val] declared in com.example.gyroscopeballgame.MainActivityKt.GyroBallGameScreen$lambda$23$lambda$21$lambda$20' type=kotlin.Float origin=null
    WHEN type=kotlin.Unit origin=IF
      BRANCH
        if: CALL 'public final fun less (arg0: kotlin.Float, arg1: kotlin.Float): kotlin.Boolean declared in kotlin.internal.ir' type=kotlin.Boolean origin=LT
          arg0: GET_VAR 'val tiltMagnitude: kotlin.Float [val] declared in com.example.gyroscopeballgame.MainActivityKt.GyroBallGameScreen$lambda$23$lambda$21$lambda$20' type=kotlin.Float origin=null
          arg1: CONST Float type=kotlin.Float value=0.5
        then: BLOCK type=kotlin.Unit origin=null
          CALL 'private final fun GyroBallGameScreen$lambda$11 ($vx$delegate: androidx.compose.runtime.MutableState<kotlin.Float>, <set-?>: kotlin.Float): kotlin.Unit declared in com.example.gyroscopeballgame.MainActivityKt' type=kotlin.Unit origin=MULTEQ
            $vx$delegate: GET_VAR '$vx$delegate: androidx.compose.runtime.MutableState<kotlin.Float> declared in com.example.gyroscopeballgame.MainActivityKt.GyroBallGameScreen$lambda$23$lambda$21$lambda$20' type=androidx.compose.runtime.MutableState<kotlin.Float> origin=null
            <set-?>: CALL 'public final fun times (other: kotlin.Float): kotlin.Float [operator] declared in kotlin.Float' type=kotlin.Float origin=MULTEQ
              $this: CALL 'private final fun GyroBallGameScreen$lambda$10 ($vx$delegate: androidx.compose.runtime.MutableState<kotlin.Float>): kotlin.Float declared in com.example.gyroscopeballgame.MainActivityKt' type=kotlin.Float origin=GET_LOCAL_PROPERTY
                $vx$delegate: GET_VAR '$vx$delegate: androidx.compose.runtime.MutableState<kotlin.Float> declared in com.example.gyroscopeballgame.MainActivityKt.GyroBallGameScreen$lambda$23$lambda$21$lambda$20' type=androidx.compose.runtime.MutableState<kotlin.Float> origin=null
              other: GET_VAR '$friction: kotlin.Float declared in com.example.gyroscopeballgame.MainActivityKt.GyroBallGameScreen$lambda$23$lambda$21$lambda$20' type=kotlin.Float origin=null
          CALL 'private final fun GyroBallGameScreen$lambda$15 ($vy$delegate: androidx.compose.runtime.MutableState<kotlin.Float>, <set-?>: kotlin.Float): kotlin.Unit declared in com.example.gyroscopeballgame.MainActivityKt' type=kotlin.Unit origin=MULTEQ
            $vy$delegate: GET_VAR '$vy$delegate: androidx.compose.runtime.MutableState<kotlin.Float> declared in com.example.gyroscopeballgame.MainActivityKt.GyroBallGameScreen$lambda$23$lambda$21$lambda$20' type=androidx.compose.runtime.MutableState<kotlin.Float> origin=null
            <set-?>: CALL 'public final fun times (other: kotlin.Float): kotlin.Float [operator] declared in kotlin.Float' type=kotlin.Float origin=MULTEQ
              $this: CALL 'private final fun GyroBallGameScreen$lambda$14 ($vy$delegate: androidx.compose.runtime.MutableState<kotlin.Float>): kotlin.Float declared in com.example.gyroscopeballgame.MainActivityKt' type=kotlin.Float origin=GET_LOCAL_PROPERTY
                $vy$delegate: GET_VAR '$vy$delegate: androidx.compose.runtime.MutableState<kotlin.Float> declared in com.example.gyroscopeballgame.MainActivityKt.GyroBallGameScreen$lambda$23$lambda$21$lambda$20' type=androidx.compose.runtime.MutableState<kotlin.Float> origin=null
              other: GET_VAR '$friction: kotlin.Float declared in com.example.gyroscopeballgame.MainActivityKt.GyroBallGameScreen$lambda$23$lambda$21$lambda$20' type=kotlin.Float origin=null
    WHEN type=kotlin.Unit origin=IF
      BRANCH
        if: CALL 'public final fun less (arg0: kotlin.Float, arg1: kotlin.Float): kotlin.Boolean declared in kotlin.internal.ir' type=kotlin.Boolean origin=LT
          arg0: CALL 'public final fun minus (other: kotlin.Float): kotlin.Float [operator] declared in kotlin.Float' type=kotlin.Float origin=MINUS
            $this: CALL 'private final fun GyroBallGameScreen$lambda$2 ($x$delegate: androidx.compose.runtime.MutableState<kotlin.Float>): kotlin.Float declared in com.example.gyroscopeballgame.MainActivityKt' type=kotlin.Float origin=GET_LOCAL_PROPERTY
              $x$delegate: GET_VAR '$x$delegate: androidx.compose.runtime.MutableState<kotlin.Float> declared in com.example.gyroscopeballgame.MainActivityKt.GyroBallGameScreen$lambda$23$lambda$21$lambda$20' type=androidx.compose.runtime.MutableState<kotlin.Float> origin=null
            other: GET_VAR '$ballRadius: kotlin.Float declared in com.example.gyroscopeballgame.MainActivityKt.GyroBallGameScreen$lambda$23$lambda$21$lambda$20' type=kotlin.Float origin=null
          arg1: CONST Float type=kotlin.Float value=20.0
        then: BLOCK type=kotlin.Unit origin=null
          CALL 'private final fun GyroBallGameScreen$lambda$3 ($x$delegate: androidx.compose.runtime.MutableState<kotlin.Float>, <set-?>: kotlin.Float): kotlin.Unit declared in com.example.gyroscopeballgame.MainActivityKt' type=kotlin.Unit origin=EQ
            $x$delegate: GET_VAR '$x$delegate: androidx.compose.runtime.MutableState<kotlin.Float> declared in com.example.gyroscopeballgame.MainActivityKt.GyroBallGameScreen$lambda$23$lambda$21$lambda$20' type=androidx.compose.runtime.MutableState<kotlin.Float> origin=null
            <set-?>: CALL 'public final fun plus (other: kotlin.Float): kotlin.Float [operator] declared in kotlin.Int' type=kotlin.Float origin=PLUS
              $this: CONST Int type=kotlin.Int value=20
              other: GET_VAR '$ballRadius: kotlin.Float declared in com.example.gyroscopeballgame.MainActivityKt.GyroBallGameScreen$lambda$23$lambda$21$lambda$20' type=kotlin.Float origin=null
          CALL 'private final fun GyroBallGameScreen$lambda$11 ($vx$delegate: androidx.compose.runtime.MutableState<kotlin.Float>, <set-?>: kotlin.Float): kotlin.Unit declared in com.example.gyroscopeballgame.MainActivityKt' type=kotlin.Unit origin=EQ
            $vx$delegate: GET_VAR '$vx$delegate: androidx.compose.runtime.MutableState<kotlin.Float> declared in com.example.gyroscopeballgame.MainActivityKt.GyroBallGameScreen$lambda$23$lambda$21$lambda$20' type=androidx.compose.runtime.MutableState<kotlin.Float> origin=null
            <set-?>: CALL 'public final fun times (other: kotlin.Float): kotlin.Float [operator] declared in kotlin.Float' type=kotlin.Float origin=MUL
              $this: CALL 'public final fun unaryMinus (): kotlin.Float [operator] declared in kotlin.Float' type=kotlin.Float origin=null
                $this: CALL 'private final fun GyroBallGameScreen$lambda$10 ($vx$delegate: androidx.compose.runtime.MutableState<kotlin.Float>): kotlin.Float declared in com.example.gyroscopeballgame.MainActivityKt' type=kotlin.Float origin=GET_LOCAL_PROPERTY
                  $vx$delegate: GET_VAR '$vx$delegate: androidx.compose.runtime.MutableState<kotlin.Float> declared in com.example.gyroscopeballgame.MainActivityKt.GyroBallGameScreen$lambda$23$lambda$21$lambda$20' type=androidx.compose.runtime.MutableState<kotlin.Float> origin=null
              other: CONST Float type=kotlin.Float value=0.4
    WHEN type=kotlin.Unit origin=IF
      BRANCH
        if: CALL 'public final fun greater (arg0: kotlin.Float, arg1: kotlin.Float): kotlin.Boolean declared in kotlin.internal.ir' type=kotlin.Boolean origin=GT
          arg0: CALL 'public final fun plus (other: kotlin.Float): kotlin.Float [operator] declared in kotlin.Float' type=kotlin.Float origin=PLUS
            $this: CALL 'private final fun GyroBallGameScreen$lambda$2 ($x$delegate: androidx.compose.runtime.MutableState<kotlin.Float>): kotlin.Float declared in com.example.gyroscopeballgame.MainActivityKt' type=kotlin.Float origin=GET_LOCAL_PROPERTY
              $x$delegate: GET_VAR '$x$delegate: androidx.compose.runtime.MutableState<kotlin.Float> declared in com.example.gyroscopeballgame.MainActivityKt.GyroBallGameScreen$lambda$23$lambda$21$lambda$20' type=androidx.compose.runtime.MutableState<kotlin.Float> origin=null
            other: GET_VAR '$ballRadius: kotlin.Float declared in com.example.gyroscopeballgame.MainActivityKt.GyroBallGameScreen$lambda$23$lambda$21$lambda$20' type=kotlin.Float origin=null
          arg1: CALL 'public final fun minus (other: kotlin.Int): kotlin.Float [operator] declared in kotlin.Float' type=kotlin.Float origin=MINUS
            $this: CALL 'public final fun getWidth-impl (arg0: androidx.compose.ui.geometry.Size): kotlin.Float declared in androidx.compose.ui.geometry.Size' type=kotlin.Float origin=GET_PROPERTY
              arg0: CALL 'public open fun getSize-NH-jbRc (): androidx.compose.ui.geometry.Size declared in androidx.compose.ui.graphics.drawscope.DrawScope' type=androidx.compose.ui.geometry.Size origin=GET_PROPERTY
                $this: GET_VAR '$this$Canvas: androidx.compose.ui.graphics.drawscope.DrawScope declared in com.example.gyroscopeballgame.MainActivityKt.GyroBallGameScreen$lambda$23$lambda$21$lambda$20' type=androidx.compose.ui.graphics.drawscope.DrawScope origin=null
            other: CONST Int type=kotlin.Int value=20
        then: BLOCK type=kotlin.Unit origin=null
          CALL 'private final fun GyroBallGameScreen$lambda$3 ($x$delegate: androidx.compose.runtime.MutableState<kotlin.Float>, <set-?>: kotlin.Float): kotlin.Unit declared in com.example.gyroscopeballgame.MainActivityKt' type=kotlin.Unit origin=EQ
            $x$delegate: GET_VAR '$x$delegate: androidx.compose.runtime.MutableState<kotlin.Float> declared in com.example.gyroscopeballgame.MainActivityKt.GyroBallGameScreen$lambda$23$lambda$21$lambda$20' type=androidx.compose.runtime.MutableState<kotlin.Float> origin=null
            <set-?>: CALL 'public final fun minus (other: kotlin.Float): kotlin.Float [operator] declared in kotlin.Float' type=kotlin.Float origin=MINUS
              $this: CALL 'public final fun minus (other: kotlin.Int): kotlin.Float [operator] declared in kotlin.Float' type=kotlin.Float origin=MINUS
                $this: CALL 'public final fun getWidth-impl (arg0: androidx.compose.ui.geometry.Size): kotlin.Float declared in androidx.compose.ui.geometry.Size' type=kotlin.Float origin=GET_PROPERTY
                  arg0: CALL 'public open fun getSize-NH-jbRc (): androidx.compose.ui.geometry.Size declared in androidx.compose.ui.graphics.drawscope.DrawScope' type=androidx.compose.ui.geometry.Size origin=GET_PROPERTY
                    $this: GET_VAR '$this$Canvas: androidx.compose.ui.graphics.drawscope.DrawScope declared in com.example.gyroscopeballgame.MainActivityKt.GyroBallGameScreen$lambda$23$lambda$21$lambda$20' type=androidx.compose.ui.graphics.drawscope.DrawScope origin=null
                other: CONST Int type=kotlin.Int value=20
              other: GET_VAR '$ballRadius: kotlin.Float declared in com.example.gyroscopeballgame.MainActivityKt.GyroBallGameScreen$lambda$23$lambda$21$lambda$20' type=kotlin.Float origin=null
          CALL 'private final fun GyroBallGameScreen$lambda$11 ($vx$delegate: androidx.compose.runtime.MutableState<kotlin.Float>, <set-?>: kotlin.Float): kotlin.Unit declared in com.example.gyroscopeballgame.MainActivityKt' type=kotlin.Unit origin=EQ
            $vx$delegate: GET_VAR '$vx$delegate: androidx.compose.runtime.MutableState<kotlin.Float> declared in com.example.gyroscopeballgame.MainActivityKt.GyroBallGameScreen$lambda$23$lambda$21$lambda$20' type=androidx.compose.runtime.MutableState<kotlin.Float> origin=null
            <set-?>: CALL 'public final fun times (other: kotlin.Float): kotlin.Float [operator] declared in kotlin.Float' type=kotlin.Float origin=MUL
              $this: CALL 'public final fun unaryMinus (): kotlin.Float [operator] declared in kotlin.Float' type=kotlin.Float origin=null
                $this: CALL 'private final fun GyroBallGameScreen$lambda$10 ($vx$delegate: androidx.compose.runtime.MutableState<kotlin.Float>): kotlin.Float declared in com.example.gyroscopeballgame.MainActivityKt' type=kotlin.Float origin=GET_LOCAL_PROPERTY
                  $vx$delegate: GET_VAR '$vx$delegate: androidx.compose.runtime.MutableState<kotlin.Float> declared in com.example.gyroscopeballgame.MainActivityKt.GyroBallGameScreen$lambda$23$lambda$21$lambda$20' type=androidx.compose.runtime.MutableState<kotlin.Float> origin=null
              other: CONST Float type=kotlin.Float value=0.4
    WHEN type=kotlin.Unit origin=IF
      BRANCH
        if: CALL 'public final fun less (arg0: kotlin.Float, arg1: kotlin.Float): kotlin.Boolean declared in kotlin.internal.ir' type=kotlin.Boolean origin=LT
          arg0: CALL 'public final fun minus (other: kotlin.Float): kotlin.Float [operator] declared in kotlin.Float' type=kotlin.Float origin=MINUS
            $this: CALL 'private final fun GyroBallGameScreen$lambda$6 ($y$delegate: androidx.compose.runtime.MutableState<kotlin.Float>): kotlin.Float declared in com.example.gyroscopeballgame.MainActivityKt' type=kotlin.Float origin=GET_LOCAL_PROPERTY
              $y$delegate: GET_VAR '$y$delegate: androidx.compose.runtime.MutableState<kotlin.Float> declared in com.example.gyroscopeballgame.MainActivityKt.GyroBallGameScreen$lambda$23$lambda$21$lambda$20' type=androidx.compose.runtime.MutableState<kotlin.Float> origin=null
            other: GET_VAR '$ballRadius: kotlin.Float declared in com.example.gyroscopeballgame.MainActivityKt.GyroBallGameScreen$lambda$23$lambda$21$lambda$20' type=kotlin.Float origin=null
          arg1: CONST Float type=kotlin.Float value=20.0
        then: BLOCK type=kotlin.Unit origin=null
          CALL 'private final fun GyroBallGameScreen$lambda$7 ($y$delegate: androidx.compose.runtime.MutableState<kotlin.Float>, <set-?>: kotlin.Float): kotlin.Unit declared in com.example.gyroscopeballgame.MainActivityKt' type=kotlin.Unit origin=EQ
            $y$delegate: GET_VAR '$y$delegate: androidx.compose.runtime.MutableState<kotlin.Float> declared in com.example.gyroscopeballgame.MainActivityKt.GyroBallGameScreen$lambda$23$lambda$21$lambda$20' type=androidx.compose.runtime.MutableState<kotlin.Float> origin=null
            <set-?>: CALL 'public final fun plus (other: kotlin.Float): kotlin.Float [operator] declared in kotlin.Int' type=kotlin.Float origin=PLUS
              $this: CONST Int type=kotlin.Int value=20
              other: GET_VAR '$ballRadius: kotlin.Float declared in com.example.gyroscopeballgame.MainActivityKt.GyroBallGameScreen$lambda$23$lambda$21$lambda$20' type=kotlin.Float origin=null
          CALL 'private final fun GyroBallGameScreen$lambda$15 ($vy$delegate: androidx.compose.runtime.MutableState<kotlin.Float>, <set-?>: kotlin.Float): kotlin.Unit declared in com.example.gyroscopeballgame.MainActivityKt' type=kotlin.Unit origin=EQ
            $vy$delegate: GET_VAR '$vy$delegate: androidx.compose.runtime.MutableState<kotlin.Float> declared in com.example.gyroscopeballgame.MainActivityKt.GyroBallGameScreen$lambda$23$lambda$21$lambda$20' type=androidx.compose.runtime.MutableState<kotlin.Float> origin=null
            <set-?>: CALL 'public final fun times (other: kotlin.Float): kotlin.Float [operator] declared in kotlin.Float' type=kotlin.Float origin=MUL
              $this: CALL 'public final fun unaryMinus (): kotlin.Float [operator] declared in kotlin.Float' type=kotlin.Float origin=null
                $this: CALL 'private final fun GyroBallGameScreen$lambda$14 ($vy$delegate: androidx.compose.runtime.MutableState<kotlin.Float>): kotlin.Float declared in com.example.gyroscopeballgame.MainActivityKt' type=kotlin.Float origin=GET_LOCAL_PROPERTY
                  $vy$delegate: GET_VAR '$vy$delegate: androidx.compose.runtime.MutableState<kotlin.Float> declared in com.example.gyroscopeballgame.MainActivityKt.GyroBallGameScreen$lambda$23$lambda$21$lambda$20' type=androidx.compose.runtime.MutableState<kotlin.Float> origin=null
              other: CONST Float type=kotlin.Float value=0.4
    WHEN type=kotlin.Unit origin=IF
      BRANCH
        if: CALL 'public final fun greater (arg0: kotlin.Float, arg1: kotlin.Float): kotlin.Boolean declared in kotlin.internal.ir' type=kotlin.Boolean origin=GT
          arg0: CALL 'public final fun plus (other: kotlin.Float): kotlin.Float [operator] declared in kotlin.Float' type=kotlin.Float origin=PLUS
            $this: CALL 'private final fun GyroBallGameScreen$lambda$6 ($y$delegate: androidx.compose.runtime.MutableState<kotlin.Float>): kotlin.Float declared in com.example.gyroscopeballgame.MainActivityKt' type=kotlin.Float origin=GET_LOCAL_PROPERTY
              $y$delegate: GET_VAR '$y$delegate: androidx.compose.runtime.MutableState<kotlin.Float> declared in com.example.gyroscopeballgame.MainActivityKt.GyroBallGameScreen$lambda$23$lambda$21$lambda$20' type=androidx.compose.runtime.MutableState<kotlin.Float> origin=null
            other: GET_VAR '$ballRadius: kotlin.Float declared in com.example.gyroscopeballgame.MainActivityKt.GyroBallGameScreen$lambda$23$lambda$21$lambda$20' type=kotlin.Float origin=null
          arg1: CALL 'public final fun minus (other: kotlin.Int): kotlin.Float [operator] declared in kotlin.Float' type=kotlin.Float origin=MINUS
            $this: CALL 'public final fun getHeight-impl (arg0: androidx.compose.ui.geometry.Size): kotlin.Float declared in androidx.compose.ui.geometry.Size' type=kotlin.Float origin=GET_PROPERTY
              arg0: CALL 'public open fun getSize-NH-jbRc (): androidx.compose.ui.geometry.Size declared in androidx.compose.ui.graphics.drawscope.DrawScope' type=androidx.compose.ui.geometry.Size origin=GET_PROPERTY
                $this: GET_VAR '$this$Canvas: androidx.compose.ui.graphics.drawscope.DrawScope declared in com.example.gyroscopeballgame.MainActivityKt.GyroBallGameScreen$lambda$23$lambda$21$lambda$20' type=androidx.compose.ui.graphics.drawscope.DrawScope origin=null
            other: CONST Int type=kotlin.Int value=20
        then: BLOCK type=kotlin.Unit origin=null
          CALL 'private final fun GyroBallGameScreen$lambda$7 ($y$delegate: androidx.compose.runtime.MutableState<kotlin.Float>, <set-?>: kotlin.Float): kotlin.Unit declared in com.example.gyroscopeballgame.MainActivityKt' type=kotlin.Unit origin=EQ
            $y$delegate: GET_VAR '$y$delegate: androidx.compose.runtime.MutableState<kotlin.Float> declared in com.example.gyroscopeballgame.MainActivityKt.GyroBallGameScreen$lambda$23$lambda$21$lambda$20' type=androidx.compose.runtime.MutableState<kotlin.Float> origin=null
            <set-?>: CALL 'public final fun minus (other: kotlin.Float): kotlin.Float [operator] declared in kotlin.Float' type=kotlin.Float origin=MINUS
              $this: CALL 'public final fun minus (other: kotlin.Int): kotlin.Float [operator] declared in kotlin.Float' type=kotlin.Float origin=MINUS
                $this: CALL 'public final fun getHeight-impl (arg0: androidx.compose.ui.geometry.Size): kotlin.Float declared in androidx.compose.ui.geometry.Size' type=kotlin.Float origin=GET_PROPERTY
                  arg0: CALL 'public open fun getSize-NH-jbRc (): androidx.compose.ui.geometry.Size declared in androidx.compose.ui.graphics.drawscope.DrawScope' type=androidx.compose.ui.geometry.Size origin=GET_PROPERTY
                    $this: GET_VAR '$this$Canvas: androidx.compose.ui.graphics.drawscope.DrawScope declared in com.example.gyroscopeballgame.MainActivityKt.GyroBallGameScreen$lambda$23$lambda$21$lambda$20' type=androidx.compose.ui.graphics.drawscope.DrawScope origin=null
                other: CONST Int type=kotlin.Int value=20
              other: GET_VAR '$ballRadius: kotlin.Float declared in com.example.gyroscopeballgame.MainActivityKt.GyroBallGameScreen$lambda$23$lambda$21$lambda$20' type=kotlin.Float origin=null
          CALL 'private final fun GyroBallGameScreen$lambda$15 ($vy$delegate: androidx.compose.runtime.MutableState<kotlin.Float>, <set-?>: kotlin.Float): kotlin.Unit declared in com.example.gyroscopeballgame.MainActivityKt' type=kotlin.Unit origin=EQ
            $vy$delegate: GET_VAR '$vy$delegate: androidx.compose.runtime.MutableState<kotlin.Float> declared in com.example.gyroscopeballgame.MainActivityKt.GyroBallGameScreen$lambda$23$lambda$21$lambda$20' type=androidx.compose.runtime.MutableState<kotlin.Float> origin=null
            <set-?>: CALL 'public final fun times (other: kotlin.Float): kotlin.Float [operator] declared in kotlin.Float' type=kotlin.Float origin=MUL
              $this: CALL 'public final fun unaryMinus (): kotlin.Float [operator] declared in kotlin.Float' type=kotlin.Float origin=null
                $this: CALL 'private final fun GyroBallGameScreen$lambda$14 ($vy$delegate: androidx.compose.runtime.MutableState<kotlin.Float>): kotlin.Float declared in com.example.gyroscopeballgame.MainActivityKt' type=kotlin.Float origin=GET_LOCAL_PROPERTY
                  $vy$delegate: GET_VAR '$vy$delegate: androidx.compose.runtime.MutableState<kotlin.Float> declared in com.example.gyroscopeballgame.MainActivityKt.GyroBallGameScreen$lambda$23$lambda$21$lambda$20' type=androidx.compose.runtime.MutableState<kotlin.Float> origin=null
              other: CONST Float type=kotlin.Float value=0.4
    CALL 'public final fun forEach <T> (action: kotlin.Function1<T of kotlin.collections.CollectionsKt.forEach, kotlin.Unit>): kotlin.Unit [inline] declared in kotlin.collections.CollectionsKt' type=kotlin.Unit origin=null
      <T>: com.example.gyroscopeballgame.Rect
      $receiver: GET_VAR 'val obstacles: kotlin.collections.List<com.example.gyroscopeballgame.Rect> [val] declared in com.example.gyroscopeballgame.MainActivityKt.GyroBallGameScreen$lambda$23$lambda$21$lambda$20' type=kotlin.collections.List<com.example.gyroscopeballgame.Rect> origin=null
      action: BLOCK type=kotlin.Function1<com.example.gyroscopeballgame.Rect, kotlin.Unit> origin=LAMBDA
        COMPOSITE type=kotlin.Unit origin=null
        FUNCTION_REFERENCE 'private final fun GyroBallGameScreen$lambda$23$lambda$21$lambda$20$lambda$16 ($ballRadius: kotlin.Float, $x$delegate: androidx.compose.runtime.MutableState<kotlin.Float>, $y$delegate: androidx.compose.runtime.MutableState<kotlin.Float>, $vx$delegate: androidx.compose.runtime.MutableState<kotlin.Float>, $vy$delegate: androidx.compose.runtime.MutableState<kotlin.Float>, rect: com.example.gyroscopeballgame.Rect): kotlin.Unit declared in com.example.gyroscopeballgame.MainActivityKt' type=kotlin.Function1<com.example.gyroscopeballgame.Rect, kotlin.Unit> origin=INLINE_LAMBDA reflectionTarget=null
          $ballRadius: GET_VAR '$ballRadius: kotlin.Float declared in com.example.gyroscopeballgame.MainActivityKt.GyroBallGameScreen$lambda$23$lambda$21$lambda$20' type=kotlin.Float origin=null
          $x$delegate: GET_VAR '$x$delegate: androidx.compose.runtime.MutableState<kotlin.Float> declared in com.example.gyroscopeballgame.MainActivityKt.GyroBallGameScreen$lambda$23$lambda$21$lambda$20' type=androidx.compose.runtime.MutableState<kotlin.Float> origin=null
          $y$delegate: GET_VAR '$y$delegate: androidx.compose.runtime.MutableState<kotlin.Float> declared in com.example.gyroscopeballgame.MainActivityKt.GyroBallGameScreen$lambda$23$lambda$21$lambda$20' type=androidx.compose.runtime.MutableState<kotlin.Float> origin=null
          $vx$delegate: GET_VAR '$vx$delegate: androidx.compose.runtime.MutableState<kotlin.Float> declared in com.example.gyroscopeballgame.MainActivityKt.GyroBallGameScreen$lambda$23$lambda$21$lambda$20' type=androidx.compose.runtime.MutableState<kotlin.Float> origin=null
          $vy$delegate: GET_VAR '$vy$delegate: androidx.compose.runtime.MutableState<kotlin.Float> declared in com.example.gyroscopeballgame.MainActivityKt.GyroBallGameScreen$lambda$23$lambda$21$lambda$20' type=androidx.compose.runtime.MutableState<kotlin.Float> origin=null
    CALL 'public final fun forEach <T> (action: kotlin.Function1<T of kotlin.collections.CollectionsKt.forEach, kotlin.Unit>): kotlin.Unit [inline] declared in kotlin.collections.CollectionsKt' type=kotlin.Unit origin=null
      <T>: com.example.gyroscopeballgame.Rect
      $receiver: GET_VAR 'val obstacles: kotlin.collections.List<com.example.gyroscopeballgame.Rect> [val] declared in com.example.gyroscopeballgame.MainActivityKt.GyroBallGameScreen$lambda$23$lambda$21$lambda$20' type=kotlin.collections.List<com.example.gyroscopeballgame.Rect> origin=null
      action: BLOCK type=kotlin.Function1<com.example.gyroscopeballgame.Rect, kotlin.Unit> origin=LAMBDA
        COMPOSITE type=kotlin.Unit origin=null
        FUNCTION_REFERENCE 'private final fun GyroBallGameScreen$lambda$23$lambda$21$lambda$20$lambda$17 ($this_Canvas: androidx.compose.ui.graphics.drawscope.DrawScope, rect: com.example.gyroscopeballgame.Rect): kotlin.Unit declared in com.example.gyroscopeballgame.MainActivityKt' type=kotlin.Function1<com.example.gyroscopeballgame.Rect, kotlin.Unit> origin=INLINE_LAMBDA reflectionTarget=null
          $this_Canvas: GET_VAR '$this$Canvas: androidx.compose.ui.graphics.drawscope.DrawScope declared in com.example.gyroscopeballgame.MainActivityKt.GyroBallGameScreen$lambda$23$lambda$21$lambda$20' type=androidx.compose.ui.graphics.drawscope.DrawScope origin=null
    BLOCK type=kotlin.Unit origin=ARGUMENTS_REORDERING_FOR_CALL
      VAR IR_TEMPORARY_VARIABLE name:tmp0_color type:androidx.compose.ui.graphics.Color [val]
        CALL 'public final fun getRed-0d7_KjU (): androidx.compose.ui.graphics.Color declared in androidx.compose.ui.graphics.Color.Companion' type=androidx.compose.ui.graphics.Color origin=GET_PROPERTY
          $this: GET_FIELD 'FIELD FIELD_FOR_OBJECT_INSTANCE name:Companion type:androidx.compose.ui.graphics.Color.Companion visibility:public [final,static] declared in androidx.compose.ui.graphics.Color' type=androidx.compose.ui.graphics.Color.Companion origin=null
      VAR IR_TEMPORARY_VARIABLE name:tmp1_center type:androidx.compose.ui.geometry.Offset [val]
        CALL 'public final fun Offset (x: kotlin.Float, y: kotlin.Float): androidx.compose.ui.geometry.Offset declared in androidx.compose.ui.geometry.OffsetKt' type=androidx.compose.ui.geometry.Offset origin=null
          x: CALL 'private final fun GyroBallGameScreen$lambda$2 ($x$delegate: androidx.compose.runtime.MutableState<kotlin.Float>): kotlin.Float declared in com.example.gyroscopeballgame.MainActivityKt' type=kotlin.Float origin=GET_LOCAL_PROPERTY
            $x$delegate: GET_VAR '$x$delegate: androidx.compose.runtime.MutableState<kotlin.Float> declared in com.example.gyroscopeballgame.MainActivityKt.GyroBallGameScreen$lambda$23$lambda$21$lambda$20' type=androidx.compose.runtime.MutableState<kotlin.Float> origin=null
          y: CALL 'private final fun GyroBallGameScreen$lambda$6 ($y$delegate: androidx.compose.runtime.MutableState<kotlin.Float>): kotlin.Float declared in com.example.gyroscopeballgame.MainActivityKt' type=kotlin.Float origin=GET_LOCAL_PROPERTY
            $y$delegate: GET_VAR '$y$delegate: androidx.compose.runtime.MutableState<kotlin.Float> declared in com.example.gyroscopeballgame.MainActivityKt.GyroBallGameScreen$lambda$23$lambda$21$lambda$20' type=androidx.compose.runtime.MutableState<kotlin.Float> origin=null
      CALL 'public final fun drawCircle-VaOC9Bg$default ($this: androidx.compose.ui.graphics.drawscope.DrawScope, color: androidx.compose.ui.graphics.Color, radius: kotlin.Float, center: androidx.compose.ui.geometry.Offset, alpha: kotlin.Float, style: androidx.compose.ui.graphics.drawscope.DrawStyle?, colorFilter: androidx.compose.ui.graphics.ColorFilter?, blendMode: androidx.compose.ui.graphics.BlendMode, $mask0: kotlin.Int, $handler: kotlin.Any?): kotlin.Unit declared in androidx.compose.ui.graphics.drawscope.DrawScope' type=kotlin.Unit origin=DEFAULT_DISPATCH_CALL
        $this: GET_VAR '$this$Canvas: androidx.compose.ui.graphics.drawscope.DrawScope declared in com.example.gyroscopeballgame.MainActivityKt.GyroBallGameScreen$lambda$23$lambda$21$lambda$20' type=androidx.compose.ui.graphics.drawscope.DrawScope origin=null
        color: GET_VAR 'val tmp0_color: androidx.compose.ui.graphics.Color [val] declared in com.example.gyroscopeballgame.MainActivityKt.GyroBallGameScreen$lambda$23$lambda$21$lambda$20' type=androidx.compose.ui.graphics.Color origin=null
        radius: GET_VAR '$ballRadius: kotlin.Float declared in com.example.gyroscopeballgame.MainActivityKt.GyroBallGameScreen$lambda$23$lambda$21$lambda$20' type=kotlin.Float origin=null
        center: GET_VAR 'val tmp1_center: androidx.compose.ui.geometry.Offset [val] declared in com.example.gyroscopeballgame.MainActivityKt.GyroBallGameScreen$lambda$23$lambda$21$lambda$20' type=androidx.compose.ui.geometry.Offset origin=null
        alpha: COMPOSITE type=kotlin.Float origin=DEFAULT_VALUE
          CONST Float type=kotlin.Float value=0.0
        style: COMPOSITE type=androidx.compose.ui.graphics.drawscope.DrawStyle? origin=DEFAULT_VALUE
          CONST Null type=androidx.compose.ui.graphics.drawscope.DrawStyle? value=null
        colorFilter: COMPOSITE type=androidx.compose.ui.graphics.ColorFilter? origin=DEFAULT_VALUE
          CONST Null type=androidx.compose.ui.graphics.ColorFilter? value=null
        blendMode: COMPOSITE type=androidx.compose.ui.graphics.BlendMode origin=DEFAULT_VALUE
          CALL 'public final fun <unsafe-coerce> <T, R> (v: T of kotlin.jvm.internal.<unsafe-coerce>): R of kotlin.jvm.internal.<unsafe-coerce> declared in kotlin.jvm.internal' type=androidx.compose.ui.graphics.BlendMode origin=null
            <T>: kotlin.Int
            <R>: androidx.compose.ui.graphics.BlendMode
            v: CONST Int type=kotlin.Int value=0
        $mask0: CONST Int type=kotlin.Int value=120
        $handler: CONST Null type=kotlin.Any? value=null
    COMPOSITE type=kotlin.Unit origin=null
      CALL 'public final fun apply <T> (block: @[ExtensionFunctionType] kotlin.Function1<T of kotlin.StandardKt.apply, kotlin.Unit>): T of kotlin.StandardKt.apply [inline] declared in kotlin.StandardKt' type=android.graphics.Canvas origin=null
        <T>: android.graphics.Canvas
        $receiver: CALL 'public final fun <get-nativeCanvas> (): android.graphics.Canvas declared in androidx.compose.ui.graphics.AndroidCanvas_androidKt' type=android.graphics.Canvas origin=GET_PROPERTY
          $receiver: CALL 'public open fun <get-canvas> (): androidx.compose.ui.graphics.Canvas declared in androidx.compose.ui.graphics.drawscope.DrawContext' type=androidx.compose.ui.graphics.Canvas origin=GET_PROPERTY
            $this: CALL 'public abstract fun <get-drawContext> (): androidx.compose.ui.graphics.drawscope.DrawContext declared in androidx.compose.ui.graphics.drawscope.DrawScope' type=androidx.compose.ui.graphics.drawscope.DrawContext origin=GET_PROPERTY
              $this: GET_VAR '$this$Canvas: androidx.compose.ui.graphics.drawscope.DrawScope declared in com.example.gyroscopeballgame.MainActivityKt.GyroBallGameScreen$lambda$23$lambda$21$lambda$20' type=androidx.compose.ui.graphics.drawscope.DrawScope origin=null
        block: BLOCK type=@[ExtensionFunctionType] kotlin.Function1<android.graphics.Canvas, kotlin.Unit> origin=LAMBDA
          COMPOSITE type=kotlin.Unit origin=null
          FUNCTION_REFERENCE 'private final fun GyroBallGameScreen$lambda$23$lambda$21$lambda$20$lambda$19 ($this_Canvas: androidx.compose.ui.graphics.drawscope.DrawScope): kotlin.Unit declared in com.example.gyroscopeballgame.MainActivityKt' type=@[ExtensionFunctionType] kotlin.Function1<android.graphics.Canvas, kotlin.Unit> origin=INLINE_LAMBDA reflectionTarget=null
            $this_Canvas: GET_VAR '$this$Canvas: androidx.compose.ui.graphics.drawscope.DrawScope declared in com.example.gyroscopeballgame.MainActivityKt.GyroBallGameScreen$lambda$23$lambda$21$lambda$20' type=androidx.compose.ui.graphics.drawscope.DrawScope origin=null
      COMPOSITE type=kotlin.Unit origin=null

	at org.jetbrains.kotlin.backend.jvm.codegen.FunctionCodegen.generate(FunctionCodegen.kt:47)
	at org.jetbrains.kotlin.backend.jvm.codegen.FunctionCodegen.generate$default(FunctionCodegen.kt:40)
	at org.jetbrains.kotlin.backend.jvm.codegen.ClassCodegen.generateMethodNode(ClassCodegen.kt:406)
	at org.jetbrains.kotlin.backend.jvm.codegen.ClassCodegen.generateMethod(ClassCodegen.kt:423)
	at org.jetbrains.kotlin.backend.jvm.codegen.ClassCodegen.generate(ClassCodegen.kt:168)
	at org.jetbrains.kotlin.backend.jvm.FileCodegen.lower(JvmPhases.kt:39)
	at org.jetbrains.kotlin.backend.common.phaser.PhaseFactoriesKt.createFilePhase$lambda$4(PhaseFactories.kt:71)
	at org.jetbrains.kotlin.backend.common.phaser.PhaseBuildersKt$createSimpleNamedCompilerPhase$1.phaseBody(PhaseBuilders.kt:69)
	at org.jetbrains.kotlin.backend.common.phaser.SimpleNamedCompilerPhase.phaseBody(CompilerPhase.kt:226)
	at org.jetbrains.kotlin.backend.common.phaser.AbstractNamedCompilerPhase.invoke(CompilerPhase.kt:113)
	at org.jetbrains.kotlin.backend.common.phaser.PerformByIrFilePhase.invokeSequential(performByIrFile.kt:62)
	... 44 more
Caused by: java.lang.RuntimeException: Exception while generating code for:
FUN INLINE_LAMBDA name:GyroBallGameScreen$lambda$23$lambda$21$lambda$20$lambda$19 visibility:private modality:FINAL <> ($receiver:android.graphics.Canvas, $this_Canvas:androidx.compose.ui.graphics.drawscope.DrawScope) returnType:kotlin.Unit
  $receiver: VALUE_PARAMETER name:$this$apply type:android.graphics.Canvas
  VALUE_PARAMETER BOUND_VALUE_PARAMETER name:$this_Canvas index:0 type:androidx.compose.ui.graphics.drawscope.DrawScope
  BLOCK_BODY
    VAR name:$i$a$-apply-MainActivityKt$GyroBallGameScreen$1$1$1$3 type:kotlin.Int [val]
      CONST Int type=kotlin.Int value=0
    VAR name:paint type:androidx.compose.ui.graphics.Paint [val]
      CALL 'public final fun apply <T> (block: @[ExtensionFunctionType] kotlin.Function1<T of kotlin.StandardKt.apply, kotlin.Unit>): T of kotlin.StandardKt.apply [inline] declared in kotlin.StandardKt' type=androidx.compose.ui.graphics.Paint origin=null
        <T>: androidx.compose.ui.graphics.Paint
        $receiver: CALL 'public final fun Paint (): androidx.compose.ui.graphics.Paint declared in androidx.compose.ui.graphics.AndroidPaint_androidKt' type=androidx.compose.ui.graphics.Paint origin=null
        block: BLOCK type=@[ExtensionFunctionType] kotlin.Function1<androidx.compose.ui.graphics.Paint, kotlin.Unit> origin=LAMBDA
          COMPOSITE type=kotlin.Unit origin=null
          FUNCTION_REFERENCE 'private final fun GyroBallGameScreen$lambda$23$lambda$21$lambda$20$lambda$19$lambda$18 (): kotlin.Unit declared in com.example.gyroscopeballgame.MainActivityKt' type=@[ExtensionFunctionType] kotlin.Function1<androidx.compose.ui.graphics.Paint, kotlin.Unit> origin=INLINE_LAMBDA reflectionTarget=null
    CALL 'public open fun drawText (p0: @[EnhancedNullability] kotlin.String, p1: kotlin.Float, p2: kotlin.Float, p3: @[EnhancedNullability] android.graphics.Paint): kotlin.Unit declared in android.graphics.Canvas' type=kotlin.Unit origin=null
      $this: GET_VAR '$this$apply: android.graphics.Canvas declared in com.example.gyroscopeballgame.MainActivityKt.GyroBallGameScreen$lambda$23$lambda$21$lambda$20$lambda$19' type=android.graphics.Canvas origin=null
      p0: CONST String type=kotlin.String value="Goal"
      p1: CALL 'public final fun div (other: kotlin.Float): kotlin.Float [operator] declared in kotlin.Float' type=kotlin.Float origin=DIV
        $this: CALL 'public final fun getWidth-impl (arg0: androidx.compose.ui.geometry.Size): kotlin.Float declared in androidx.compose.ui.geometry.Size' type=kotlin.Float origin=GET_PROPERTY
          arg0: CALL 'public open fun getSize-NH-jbRc (): androidx.compose.ui.geometry.Size declared in androidx.compose.ui.graphics.drawscope.DrawScope' type=androidx.compose.ui.geometry.Size origin=GET_PROPERTY
            $this: GET_VAR '$this_Canvas: androidx.compose.ui.graphics.drawscope.DrawScope declared in com.example.gyroscopeballgame.MainActivityKt.GyroBallGameScreen$lambda$23$lambda$21$lambda$20$lambda$19' type=androidx.compose.ui.graphics.drawscope.DrawScope origin=null
        other: CONST Float type=kotlin.Float value=2.0
      p2: CALL 'public final fun minus (other: kotlin.Float): kotlin.Float [operator] declared in kotlin.Float' type=kotlin.Float origin=MINUS
        $this: CALL 'public final fun getHeight-impl (arg0: androidx.compose.ui.geometry.Size): kotlin.Float declared in androidx.compose.ui.geometry.Size' type=kotlin.Float origin=GET_PROPERTY
          arg0: CALL 'public open fun getSize-NH-jbRc (): androidx.compose.ui.geometry.Size declared in androidx.compose.ui.graphics.drawscope.DrawScope' type=androidx.compose.ui.geometry.Size origin=GET_PROPERTY
            $this: GET_VAR '$this_Canvas: androidx.compose.ui.graphics.drawscope.DrawScope declared in com.example.gyroscopeballgame.MainActivityKt.GyroBallGameScreen$lambda$23$lambda$21$lambda$20$lambda$19' type=androidx.compose.ui.graphics.drawscope.DrawScope origin=null
        other: CONST Float type=kotlin.Float value=60.0
      p3: BLOCK type=android.graphics.Paint origin=null
        CALL 'public final fun checkNotNull (object: kotlin.Any?, message: kotlin.String): kotlin.Unit declared in kotlin.jvm.internal.Intrinsics' type=kotlin.Unit origin=null
          object: GET_VAR 'val paint: androidx.compose.ui.graphics.Paint [val] declared in com.example.gyroscopeballgame.MainActivityKt.GyroBallGameScreen$lambda$23$lambda$21$lambda$20$lambda$19' type=androidx.compose.ui.graphics.Paint origin=null
          message: CONST String type=kotlin.String value="null cannot be cast to non-null type android.graphics.Paint"
        TYPE_OP type=android.graphics.Paint? origin=CAST typeOperand=android.graphics.Paint?
          GET_VAR 'val paint: androidx.compose.ui.graphics.Paint [val] declared in com.example.gyroscopeballgame.MainActivityKt.GyroBallGameScreen$lambda$23$lambda$21$lambda$20$lambda$19' type=androidx.compose.ui.graphics.Paint origin=null

	at org.jetbrains.kotlin.backend.jvm.codegen.FunctionCodegen.generate(FunctionCodegen.kt:47)
	at org.jetbrains.kotlin.backend.jvm.codegen.IrSourceCompilerForInline.generateLambdaBody(IrSourceCompilerForInline.kt:67)
	at org.jetbrains.kotlin.codegen.inline.ExpressionLambda.generateLambdaBody(LambdaInfo.kt:72)
	at org.jetbrains.kotlin.backend.jvm.codegen.IrInlineCodegen.genValueAndPut(IrInlineCodegen.kt:100)
	at org.jetbrains.kotlin.backend.jvm.codegen.ExpressionCodegen.visitCall$handleParameter(ExpressionCodegen.kt:616)
	at org.jetbrains.kotlin.backend.jvm.codegen.ExpressionCodegen.visitCall(ExpressionCodegen.kt:644)
	at org.jetbrains.kotlin.backend.jvm.codegen.ExpressionCodegen.visitCall(ExpressionCodegen.kt:138)
	at org.jetbrains.kotlin.ir.expressions.IrCall.accept(IrCall.kt:24)
	at org.jetbrains.kotlin.backend.jvm.codegen.ExpressionCodegen.visitStatementContainer(ExpressionCodegen.kt:579)
	at org.jetbrains.kotlin.backend.jvm.codegen.ExpressionCodegen.visitContainerExpression(ExpressionCodegen.kt:593)
	at org.jetbrains.kotlin.backend.jvm.codegen.ExpressionCodegen.visitContainerExpression(ExpressionCodegen.kt:138)
	at org.jetbrains.kotlin.ir.visitors.IrElementVisitor$DefaultImpls.visitComposite(IrElementVisitor.kt:125)
	at org.jetbrains.kotlin.backend.jvm.codegen.ExpressionCodegen.visitComposite(ExpressionCodegen.kt:138)
	at org.jetbrains.kotlin.backend.jvm.codegen.ExpressionCodegen.visitComposite(ExpressionCodegen.kt:138)
	at org.jetbrains.kotlin.ir.expressions.IrComposite.accept(IrComposite.kt:18)
	at org.jetbrains.kotlin.backend.jvm.codegen.ExpressionCodegen.visitStatementContainer(ExpressionCodegen.kt:579)
	at org.jetbrains.kotlin.backend.jvm.codegen.ExpressionCodegen.visitBlockBody(ExpressionCodegen.kt:584)
	at org.jetbrains.kotlin.backend.jvm.codegen.ExpressionCodegen.visitBlockBody(ExpressionCodegen.kt:138)
	at org.jetbrains.kotlin.ir.expressions.IrBlockBody.accept(IrBlockBody.kt:20)
	at org.jetbrains.kotlin.backend.jvm.codegen.ExpressionCodegen.generate(ExpressionCodegen.kt:240)
	at org.jetbrains.kotlin.backend.jvm.codegen.FunctionCodegen.doGenerate(FunctionCodegen.kt:123)
	at org.jetbrains.kotlin.backend.jvm.codegen.FunctionCodegen.generate(FunctionCodegen.kt:44)
	... 54 more
Caused by: java.lang.RuntimeException: Exception while generating code for:
FUN INLINE_LAMBDA name:GyroBallGameScreen$lambda$23$lambda$21$lambda$20$lambda$19$lambda$18 visibility:private modality:FINAL <> ($receiver:androidx.compose.ui.graphics.Paint) returnType:kotlin.Unit
  $receiver: VALUE_PARAMETER name:$this$apply type:androidx.compose.ui.graphics.Paint
  BLOCK_BODY
    VAR name:$i$a$-apply-MainActivityKt$GyroBallGameScreen$1$1$1$3$paint$1 type:kotlin.Int [val]
      CONST Int type=kotlin.Int value=0
    CALL 'public abstract fun setColor-8_81llA (value: androidx.compose.ui.graphics.Color): kotlin.Unit declared in androidx.compose.ui.graphics.Paint' type=kotlin.Unit origin=EQ
      $this: GET_VAR '$this$apply: androidx.compose.ui.graphics.Paint declared in com.example.gyroscopeballgame.MainActivityKt.GyroBallGameScreen$lambda$23$lambda$21$lambda$20$lambda$19$lambda$18' type=androidx.compose.ui.graphics.Paint origin=null
      value: CALL 'public final fun getGreen-0d7_KjU (): androidx.compose.ui.graphics.Color declared in androidx.compose.ui.graphics.Color.Companion' type=androidx.compose.ui.graphics.Color origin=GET_PROPERTY
        $this: GET_FIELD 'FIELD FIELD_FOR_OBJECT_INSTANCE name:Companion type:androidx.compose.ui.graphics.Color.Companion visibility:public [final,static] declared in androidx.compose.ui.graphics.Color' type=androidx.compose.ui.graphics.Color.Companion origin=null
    SET_FIELD 'FIELD IR_EXTERNAL_JAVA_DECLARATION_STUB name:textSize type:kotlin.Int visibility:public [final,static] declared in android.R.attr' type=kotlin.Unit superQualifierSymbol=android.R.attr origin=EQ
      value: CONST Int type=kotlin.Int value=40
    CALL 'public abstract fun <set-isAntiAlias> (value: kotlin.Boolean): kotlin.Unit declared in androidx.compose.ui.graphics.Paint' type=kotlin.Unit origin=EQ
      $this: GET_VAR '$this$apply: androidx.compose.ui.graphics.Paint declared in com.example.gyroscopeballgame.MainActivityKt.GyroBallGameScreen$lambda$23$lambda$21$lambda$20$lambda$19$lambda$18' type=androidx.compose.ui.graphics.Paint origin=null
      value: CONST Boolean type=kotlin.Boolean value=true

	at org.jetbrains.kotlin.backend.jvm.codegen.FunctionCodegen.generate(FunctionCodegen.kt:47)
	at org.jetbrains.kotlin.backend.jvm.codegen.IrSourceCompilerForInline.generateLambdaBody(IrSourceCompilerForInline.kt:67)
	at org.jetbrains.kotlin.codegen.inline.ExpressionLambda.generateLambdaBody(LambdaInfo.kt:72)
	at org.jetbrains.kotlin.backend.jvm.codegen.IrInlineCodegen.genValueAndPut(IrInlineCodegen.kt:100)
	at org.jetbrains.kotlin.backend.jvm.codegen.ExpressionCodegen.visitCall$handleParameter(ExpressionCodegen.kt:616)
	at org.jetbrains.kotlin.backend.jvm.codegen.ExpressionCodegen.visitCall(ExpressionCodegen.kt:644)
	at org.jetbrains.kotlin.backend.jvm.codegen.ExpressionCodegen.visitCall(ExpressionCodegen.kt:138)
	at org.jetbrains.kotlin.ir.expressions.IrCall.accept(IrCall.kt:24)
	at org.jetbrains.kotlin.backend.jvm.codegen.ExpressionCodegen.visitVariable(ExpressionCodegen.kt:790)
	at org.jetbrains.kotlin.backend.jvm.codegen.ExpressionCodegen.visitVariable(ExpressionCodegen.kt:138)
	at org.jetbrains.kotlin.ir.declarations.IrVariable.accept(IrVariable.kt:36)
	at org.jetbrains.kotlin.backend.jvm.codegen.ExpressionCodegen.visitStatementContainer(ExpressionCodegen.kt:579)
	at org.jetbrains.kotlin.backend.jvm.codegen.ExpressionCodegen.visitBlockBody(ExpressionCodegen.kt:584)
	at org.jetbrains.kotlin.backend.jvm.codegen.ExpressionCodegen.visitBlockBody(ExpressionCodegen.kt:138)
	at org.jetbrains.kotlin.ir.expressions.IrBlockBody.accept(IrBlockBody.kt:20)
	at org.jetbrains.kotlin.backend.jvm.codegen.ExpressionCodegen.generate(ExpressionCodegen.kt:240)
	at org.jetbrains.kotlin.backend.jvm.codegen.FunctionCodegen.doGenerate(FunctionCodegen.kt:123)
	at org.jetbrains.kotlin.backend.jvm.codegen.FunctionCodegen.generate(FunctionCodegen.kt:44)
	... 75 more
Caused by: java.lang.AssertionError: access of const val: SET_FIELD 'FIELD IR_EXTERNAL_JAVA_DECLARATION_STUB name:textSize type:kotlin.Int visibility:public [final,static] declared in android.R.attr' type=kotlin.Unit superQualifierSymbol=android.R.attr origin=EQ
  value: CONST Int type=kotlin.Int value=40

	at org.jetbrains.kotlin.backend.jvm.codegen.ExpressionCodegen.visitFieldAccess(ExpressionCodegen.kt:861)
	at org.jetbrains.kotlin.backend.jvm.codegen.ExpressionCodegen.visitFieldAccess(ExpressionCodegen.kt:138)
	at org.jetbrains.kotlin.ir.visitors.IrElementVisitor$DefaultImpls.visitSetField(IrElementVisitor.kt:206)
	at org.jetbrains.kotlin.backend.jvm.codegen.ExpressionCodegen.visitSetField(ExpressionCodegen.kt:908)
	at org.jetbrains.kotlin.backend.jvm.codegen.ExpressionCodegen.visitSetField(ExpressionCodegen.kt:138)
	at org.jetbrains.kotlin.ir.expressions.IrSetField.accept(IrSetField.kt:21)
	at org.jetbrains.kotlin.backend.jvm.codegen.ExpressionCodegen.visitStatementContainer(ExpressionCodegen.kt:579)
	at org.jetbrains.kotlin.backend.jvm.codegen.ExpressionCodegen.visitBlockBody(ExpressionCodegen.kt:584)
	at org.jetbrains.kotlin.backend.jvm.codegen.ExpressionCodegen.visitBlockBody(ExpressionCodegen.kt:138)
	at org.jetbrains.kotlin.ir.expressions.IrBlockBody.accept(IrBlockBody.kt:20)
	at org.jetbrains.kotlin.backend.jvm.codegen.ExpressionCodegen.generate(ExpressionCodegen.kt:240)
	at org.jetbrains.kotlin.backend.jvm.codegen.FunctionCodegen.doGenerate(FunctionCodegen.kt:123)
	at org.jetbrains.kotlin.backend.jvm.codegen.FunctionCodegen.generate(FunctionCodegen.kt:44)
	... 92 more


